xrun(64): 20.09-s001: (c) Copyright 1995-2020 Cadence Design Systems, Inc.
TOOL:	xrun(64)	20.09-s001: Started on Apr 16, 2024 at 07:19:08 EDT
xrun
	-64bit
	-access +rwc
	-f /home/admin/shared/neuron/03_verif/verif/script/rtl.f
		-f /home/admin/shared/neuron/02_rtl/lab_rtl.flist
			/home/admin/shared/neuron/02_rtl/rom.sv
			/home/admin/shared/neuron/02_rtl/ReLU.sv
			/home/admin/shared/neuron/02_rtl/neuron.sv
Loading snapshot worklib.neuron:sv .................... Done
xmsim: *W,DSEM2009: This SystemVerilog design is simulated as per IEEE 1800-2009 SystemVerilog simulation semantics. Use -disable_sem2009 option for turning off SV 2009 simulation semantics.
xcelium> source /opt/cadence/XCELIUM2009/tools/xcelium/files/xmsimrc
xcelium> run
xmsim: *W,RMEMNOF: $readmem error: open failed on file "w_1_15.mif".
            File: /home/admin/shared/neuron/02_rtl/rom.sv, line = 15, pos = 26
           Scope: neuron.weight_rom
            Time: 0 FS + 0

xmsim: *W,RMEMNOF: $readmem error: open failed on file "x_value.mif".
            File: /home/admin/shared/neuron/02_rtl/rom.sv, line = 15, pos = 26
           Scope: neuron.input_value
            Time: 0 FS + 0

xmsim: *W,RNQUIE: Simulation is complete.
xcelium> exit
TOOL:	xrun(64)	20.09-s001: Exiting on Apr 16, 2024 at 07:19:08 EDT  (total: 00:00:00)
