xrun(64): 20.09-s001: (c) Copyright 1995-2020 Cadence Design Systems, Inc.
TOOL:	xrun(64)	20.09-s001: Started on Apr 02, 2024 at 11:11:08 EDT
xrun
	-gui
	02_rtl/ReLU.sv
file: 02_rtl/ReLU.sv
	module worklib.ReLU:sv
		errors: 0, warnings: 0
		Caching library 'worklib' ....... Done
	Elaborating the design hierarchy:
	Top level design units:
		ReLU
xmelab: *W,DSEMEL: This SystemVerilog design will be simulated as per IEEE 1800-2009 SystemVerilog simulation semantics. Use -disable_sem2009 option for turning off SV 2009 simulation semantics.
	Building instance overlay tables: .................... Done
	Generating native compiled code:
		worklib.ReLU:sv <0x13b92e9f>
			streams:   0, words:     0
	Building instance specific data structures.
	Loading native compiled code:     .................... Done
	Design hierarchy summary:
		        Instances  Unique
		Modules:        1       1
		Registers:      1       1
		Always blocks:  1       1
	Writing initial simulation snapshot: worklib.ReLU:sv
xmsim: *W,DSEM2009: This SystemVerilog design is simulated as per IEEE 1800-2009 SystemVerilog simulation semantics. Use -disable_sem2009 option for turning off SV 2009 simulation semantics.

-------------------------------------
Relinquished control to SimVision...
xcelium> 
xcelium> source /opt/cadence/XCELIUM2009/tools/xcelium/files/xmsimrc
xcelium> ^C
xcelium> exit
TOOL:	xrun(64)	20.09-s001: Exiting on Apr 02, 2024 at 11:12:26 EDT  (total: 00:01:18)
