Cadence Genus(TM) Synthesis Solution.
Copyright 2015 Cadence Design Systems, Inc. All rights reserved worldwide.
Cadence and the Cadence logo are registered trademarks and Genus is a trademark
of Cadence Design Systems, Inc. in the United States and other countries.

Version: GENUS15.20 - 15.20-p004_1, built Sat Nov 14 2015
Options: -files syn.f 
Date:    Wed Apr 17 03:44:57 2024
Host:    centos7 (x86_64 w/Linux 3.10.0-1160.108.1.el7.x86_64) (3*AMD Ryzen 7 5800H with Radeon Graphics 512KB)
OS:      CentOS Linux release 7.9.2009 (Core)

Checking out license: Genus_Synthesis

Loading tool scripts...
Sourcing GUI preferences file /home/admin/.cadence/genus/gui.tcl...
Finished loading tool scripts (7 seconds elapsed).

Sourcing syn.f ...
errorInfo: invalid command name "ReLU_syn.tcl"
    while executing
"ReLU_syn.tcl"
invalid command name "ReLU_syn.tcl"
Encountered problems processing file: syn.f
WARNING: This version of the tool is 3077 days old.
genus@root:> quit
Normal exit.
